0 info it worked if it ends with ok
1 verbose cli [ 'C:\\Program Files\\nodejs\\node.exe',
1 verbose cli   'C:\\Program Files\\nodejs\\node_modules\\npm\\bin\\npm-cli.js',
1 verbose cli   'install' ]
2 info using npm@3.10.10
3 info using node@v6.11.4
4 silly loadCurrentTree Starting
5 silly install loadCurrentTree
6 silly install readLocalPackageData
7 silly install normalizeTree
8 silly loadCurrentTree Finishing
9 silly loadIdealTree Starting
10 silly install loadIdealTree
11 silly cloneCurrentTree Starting
12 silly install cloneCurrentTreeToIdealTree
13 silly cloneCurrentTree Finishing
14 silly loadShrinkwrap Starting
15 silly install loadShrinkwrap
16 silly loadShrinkwrap Finishing
17 silly loadAllDepsIntoIdealTree Starting
18 silly install loadAllDepsIntoIdealTree
19 silly fetchNamedPackageData chai
20 silly mapToRegistry name chai
21 silly mapToRegistry using default registry
22 silly mapToRegistry registry https://registry.npmjs.org/
23 silly mapToRegistry data Result {
23 silly mapToRegistry   raw: 'chai',
23 silly mapToRegistry   scope: null,
23 silly mapToRegistry   escapedName: 'chai',
23 silly mapToRegistry   name: 'chai',
23 silly mapToRegistry   rawSpec: '',
23 silly mapToRegistry   spec: 'latest',
23 silly mapToRegistry   type: 'tag' }
24 silly mapToRegistry uri https://registry.npmjs.org/chai
25 silly fetchNamedPackageData jsdom
26 silly mapToRegistry name jsdom
27 silly mapToRegistry using default registry
28 silly mapToRegistry registry https://registry.npmjs.org/
29 silly mapToRegistry data Result {
29 silly mapToRegistry   raw: 'jsdom',
29 silly mapToRegistry   scope: null,
29 silly mapToRegistry   escapedName: 'jsdom',
29 silly mapToRegistry   name: 'jsdom',
29 silly mapToRegistry   rawSpec: '',
29 silly mapToRegistry   spec: 'latest',
29 silly mapToRegistry   type: 'tag' }
30 silly mapToRegistry uri https://registry.npmjs.org/jsdom
31 silly fetchNamedPackageData mocha
32 silly mapToRegistry name mocha
33 silly mapToRegistry using default registry
34 silly mapToRegistry registry https://registry.npmjs.org/
35 silly mapToRegistry data Result {
35 silly mapToRegistry   raw: 'mocha',
35 silly mapToRegistry   scope: null,
35 silly mapToRegistry   escapedName: 'mocha',
35 silly mapToRegistry   name: 'mocha',
35 silly mapToRegistry   rawSpec: '',
35 silly mapToRegistry   spec: 'latest',
35 silly mapToRegistry   type: 'tag' }
36 silly mapToRegistry uri https://registry.npmjs.org/mocha
37 verbose request uri https://registry.npmjs.org/chai
38 verbose request no auth needed
39 info attempt registry request try #1 at 9:21:24 AM
40 verbose request id c1979f0b261aa236
41 http request GET https://registry.npmjs.org/chai
42 verbose request uri https://registry.npmjs.org/jsdom
43 verbose request no auth needed
44 info attempt registry request try #1 at 9:21:24 AM
45 http request GET https://registry.npmjs.org/jsdom
46 verbose request uri https://registry.npmjs.org/mocha
47 verbose request no auth needed
48 info attempt registry request try #1 at 9:21:24 AM
49 http request GET https://registry.npmjs.org/mocha
50 info retry will retry, error on last attempt: Error: unable to get local issuer certificate
51 info retry will retry, error on last attempt: Error: unable to get local issuer certificate
52 info retry will retry, error on last attempt: Error: unable to get local issuer certificate
53 info attempt registry request try #2 at 9:21:35 AM
54 http request GET https://registry.npmjs.org/jsdom
55 info attempt registry request try #2 at 9:21:35 AM
56 http request GET https://registry.npmjs.org/chai
57 info attempt registry request try #2 at 9:21:35 AM
58 http request GET https://registry.npmjs.org/mocha
59 info retry will retry, error on last attempt: Error: unable to get local issuer certificate
60 info retry will retry, error on last attempt: Error: unable to get local issuer certificate
61 info retry will retry, error on last attempt: Error: unable to get local issuer certificate
62 info attempt registry request try #3 at 9:22:35 AM
63 http request GET https://registry.npmjs.org/chai
64 info attempt registry request try #3 at 9:22:35 AM
65 http request GET https://registry.npmjs.org/mocha
66 info attempt registry request try #3 at 9:22:35 AM
67 http request GET https://registry.npmjs.org/jsdom
68 silly fetchPackageMetaData Error: unable to get local issuer certificate
68 silly fetchPackageMetaData     at Error (native)
68 silly fetchPackageMetaData     at TLSSocket.<anonymous> (_tls_wrap.js:1092:38)
68 silly fetchPackageMetaData     at emitNone (events.js:86:13)
68 silly fetchPackageMetaData     at TLSSocket.emit (events.js:185:7)
68 silly fetchPackageMetaData     at TLSSocket._finishInit (_tls_wrap.js:610:8)
68 silly fetchPackageMetaData     at TLSWrap.ssl.onhandshakedone (_tls_wrap.js:440:38)
68 silly fetchPackageMetaData  error for mocha@^2.5.3 { Error: unable to get local issuer certificate
68 silly fetchPackageMetaData     at Error (native)
68 silly fetchPackageMetaData     at TLSSocket.<anonymous> (_tls_wrap.js:1092:38)
68 silly fetchPackageMetaData     at emitNone (events.js:86:13)
68 silly fetchPackageMetaData     at TLSSocket.emit (events.js:185:7)
68 silly fetchPackageMetaData     at TLSSocket._finishInit (_tls_wrap.js:610:8)
68 silly fetchPackageMetaData     at TLSWrap.ssl.onhandshakedone (_tls_wrap.js:440:38) code: 'UNABLE_TO_GET_ISSUER_CERT_LOCALLY' }
69 silly fetchPackageMetaData Error: unable to get local issuer certificate
69 silly fetchPackageMetaData     at Error (native)
69 silly fetchPackageMetaData     at TLSSocket.<anonymous> (_tls_wrap.js:1092:38)
69 silly fetchPackageMetaData     at emitNone (events.js:86:13)
69 silly fetchPackageMetaData     at TLSSocket.emit (events.js:185:7)
69 silly fetchPackageMetaData     at TLSSocket._finishInit (_tls_wrap.js:610:8)
69 silly fetchPackageMetaData     at TLSWrap.ssl.onhandshakedone (_tls_wrap.js:440:38)
69 silly fetchPackageMetaData  error for chai@^3.5.0 { Error: unable to get local issuer certificate
69 silly fetchPackageMetaData     at Error (native)
69 silly fetchPackageMetaData     at TLSSocket.<anonymous> (_tls_wrap.js:1092:38)
69 silly fetchPackageMetaData     at emitNone (events.js:86:13)
69 silly fetchPackageMetaData     at TLSSocket.emit (events.js:185:7)
69 silly fetchPackageMetaData     at TLSSocket._finishInit (_tls_wrap.js:610:8)
69 silly fetchPackageMetaData     at TLSWrap.ssl.onhandshakedone (_tls_wrap.js:440:38) code: 'UNABLE_TO_GET_ISSUER_CERT_LOCALLY' }
70 silly fetchPackageMetaData Error: unable to get local issuer certificate
70 silly fetchPackageMetaData     at Error (native)
70 silly fetchPackageMetaData     at TLSSocket.<anonymous> (_tls_wrap.js:1092:38)
70 silly fetchPackageMetaData     at emitNone (events.js:86:13)
70 silly fetchPackageMetaData     at TLSSocket.emit (events.js:185:7)
70 silly fetchPackageMetaData     at TLSSocket._finishInit (_tls_wrap.js:610:8)
70 silly fetchPackageMetaData     at TLSWrap.ssl.onhandshakedone (_tls_wrap.js:440:38)
70 silly fetchPackageMetaData  error for jsdom@^9.2.1 { Error: unable to get local issuer certificate
70 silly fetchPackageMetaData     at Error (native)
70 silly fetchPackageMetaData     at TLSSocket.<anonymous> (_tls_wrap.js:1092:38)
70 silly fetchPackageMetaData     at emitNone (events.js:86:13)
70 silly fetchPackageMetaData     at TLSSocket.emit (events.js:185:7)
70 silly fetchPackageMetaData     at TLSSocket._finishInit (_tls_wrap.js:610:8)
70 silly fetchPackageMetaData     at TLSWrap.ssl.onhandshakedone (_tls_wrap.js:440:38) code: 'UNABLE_TO_GET_ISSUER_CERT_LOCALLY' }
71 silly rollbackFailedOptional Starting
72 silly rollbackFailedOptional Finishing
73 silly runTopLevelLifecycles Finishing
74 silly install printInstalled
75 verbose stack Error: unable to get local issuer certificate
75 verbose stack     at Error (native)
75 verbose stack     at TLSSocket.<anonymous> (_tls_wrap.js:1092:38)
75 verbose stack     at emitNone (events.js:86:13)
75 verbose stack     at TLSSocket.emit (events.js:185:7)
75 verbose stack     at TLSSocket._finishInit (_tls_wrap.js:610:8)
75 verbose stack     at TLSWrap.ssl.onhandshakedone (_tls_wrap.js:440:38)
76 verbose cwd C:\Users\WangD\HelloCodeSchoolProject
77 error Windows_NT 6.1.7601
78 error argv "C:\\Program Files\\nodejs\\node.exe" "C:\\Program Files\\nodejs\\node_modules\\npm\\bin\\npm-cli.js" "install"
79 error node v6.11.4
80 error npm  v3.10.10
81 error code UNABLE_TO_GET_ISSUER_CERT_LOCALLY
82 error unable to get local issuer certificate
83 error If you need help, you may report this error at:
83 error     <https://github.com/npm/npm/issues>
84 verbose exit [ 1, true ]
